Running: /home/guivarch/opt/xilinx/14.7/ISE_DS/ISE/bin/lin64/unwrapped/fuse -intstyle ise -incremental -o bin -prj ise.prj -top test_er_1octet 
ISim P.20131013 (signature 0xfbc00daa)
Number of CPUs detected in this system: 4
Turning on mult-threading, number of parallel sub-compilation jobs: 8 
Determining compilation order of HDL files
Parsing VHDL file "er_1octet.vhd" into library work
Parsing VHDL file "test_er_1octet_simple.vhd" into library work
Starting static elaboration
Completed static elaboration
Fuse Memory Usage: 95836 KB
Fuse CPU Usage: 1570 ms
Compiling package standard
Compiling package std_logic_1164
Compiling architecture behavioral_3 of entity er_1octet [er_1octet_default]
Compiling architecture behavior of entity test_er_1octet
Time Resolution for simulation is 1ps.
Waiting for 1 sub-compilation(s) to finish...
Compiled 5 VHDL Units
Built simulation executable bin
Fuse Memory Usage: 661628 KB
Fuse CPU Usage: 1620 ms
GCC CPU Usage: 720 ms
